生成启动时间为 2020/4/2 星期四 13:56:13。
     1>项目“C:\YanJF\coding_files\cpp\cs550\cs550\cs550.vcxproj”在节点 2 上(Build 个目标)。
     1>InitializeBuildStatus:
         正在创建“C:\YanJF\coding_files\cpp\cs550\cs550\obj\x64\Debug\cs550.tlog\unsuccessfulbuild”，因为已指定“AlwaysCreate”。
       _ValidateSources:
         Validating sources
       _CopySources:
         Copying sources remotely to '192.168.0.200'
         Skipping 'C:\YanJF\coding_files\cpp\cs550\cs550\AppToP2Server.cpp', as it is up to date.
         Skipping 'C:\YanJF\coding_files\cpp\cs550\cs550\BasicConnection.cpp', as it is up to date.
         Copying file 'C:\YanJF\coding_files\cpp\cs550\cs550\main.cpp' to '/root/projects/cs550/main.cpp'
         Skipping 'C:\YanJF\coding_files\cpp\cs550\cs550\P2RedirectServer.cpp', as it is up to date.
         Skipping 'C:\YanJF\coding_files\cpp\cs550\cs550\Thread.cpp', as it is up to date.
         Skipping 'C:\YanJF\coding_files\cpp\cs550\cs550\AppToP2Server.h', as it is up to date.
         Skipping 'C:\YanJF\coding_files\cpp\cs550\cs550\BasicConnection.h', as it is up to date.
         Skipping 'C:\YanJF\coding_files\cpp\cs550\cs550\P2RedirectServer.h', as it is up to date.
         Skipping 'C:\YanJF\coding_files\cpp\cs550\cs550\Thread.h', as it is up to date.
       _ValidateValidArchitecture:
         Validating architecture
         Current project architecture 'x64' is compatible with the remote system architecture 'x64' ('x64').
       ClCompile:
         Starting remote build
         Compiling sources:
         Skipping 'C:\YanJF\coding_files\cpp\cs550\cs550\AppToP2Server.cpp', as it is up to date.
         Skipping 'C:\YanJF\coding_files\cpp\cs550\cs550\BasicConnection.cpp', as it is up to date.
         Invoking 'g++'
         g++ -c -x c++ /root/projects/cs550/main.cpp -I "/root/projects/cs550/../../../../software_code/S/Visual Studio/2017/Professional/Common7/IDE/VC/Linux/include/usr" -I "/root/projects/cs550/../../../../software_code/S/Visual Studio/2017/Professional/Common7/IDE/VC/Linux/include/usr/linuxheader" -I "/root/projects/cs550/../../../../software_code/S/Visual Studio/2017/Professional/Common7/IDE/VC/Linux/include/usr/linuxheader/include" -g2 -gdwarf-2 -o "/root/projects/cs550/obj/x64/Debug/main.o" -Wall -Wswitch -W"no-deprecated-declarations" -W"empty-body" -Wconversion -W"return-type" -Wparentheses -W"no-format" -Wuninitialized -W"unreachable-code" -W"unused-function" -W"unused-value" -W"unused-variable" -O0 -fno-strict-aliasing -fno-omit-frame-pointer -fthreadsafe-statics -fexceptions -frtti -std=c++11
         main.cpp
     1>C:\YanJF\coding_files\cpp\cs550\cs550\main.cpp(9,27): warning : extra tokens at end of #include directive [enabled by default]
C:\YanJF\coding_files\cpp\cs550\cs550\main.cpp(9,27): warning :  #include "AppToP2Server.h";
C:\YanJF\coding_files\cpp\cs550\cs550\main.cpp(9,27): warning :                            ^
     1>C:\YanJF\coding_files\cpp\cs550\cs550\main.cpp(10,30): warning : extra tokens at end of #include directive [enabled by default]
C:\YanJF\coding_files\cpp\cs550\cs550\main.cpp(10,30): warning :  #include "P2RedirectServer.h";
C:\YanJF\coding_files\cpp\cs550\cs550\main.cpp(10,30): warning :                               ^
     1>C:\YanJF\coding_files\cpp\cs550\cs550\main.cpp(11,20): warning : extra tokens at end of #include directive [enabled by default]
C:\YanJF\coding_files\cpp\cs550\cs550\main.cpp(11,20): warning :  #include "Thread.h";
C:\YanJF\coding_files\cpp\cs550\cs550\main.cpp(11,20): warning :                     ^
     1>C:\YanJF\coding_files\cpp\cs550\cs550\Thread.h(28,64): warning : converting to non-pointer type ‘int’ from NULL [-Wconversion-null]
         Done compiling '/root/projects/cs550/main.cpp'
         Skipping 'C:\YanJF\coding_files\cpp\cs550\cs550\P2RedirectServer.cpp', as it is up to date.
         Skipping 'C:\YanJF\coding_files\cpp\cs550\cs550\Thread.cpp', as it is up to date.
         /root/projects/cs550/main.cpp:9:27: warning: extra tokens at end of #include directive [enabled by default]
          #include "AppToP2Server.h";
                                    ^
         /root/projects/cs550/main.cpp:10:30: warning: extra tokens at end of #include directive [enabled by default]
          #include "P2RedirectServer.h";
                                       ^
         /root/projects/cs550/main.cpp:11:20: warning: extra tokens at end of #include directive [enabled by default]
          #include "Thread.h";
                             ^
         In file included from /root/projects/cs550/AppToP2Server.h:3:0,
                          from /root/projects/cs550/main.cpp:9:
         /root/projects/cs550/Thread.h: In constructor ‘CTask::CTask(std::string&)’:
         /root/projects/cs550/Thread.h:28:64: warning: converting to non-pointer type ‘int’ from NULL [-Wconversion-null]
           CTask(string &taskName) : m_strTaskName(taskName), connfd(NULL) {}
                                                                         ^
         
       Link:
         Linking objects
         Invoking 'ld'
         g++ -o "/root/projects/cs550/bin/x64/Debug/cs550.out" -Wl,--no-undefined -Wl,-L"/root/projects/cs550/../../../../software_code/S/Visual Studio/2017/Professional/Common7/IDE/VC/Linux/include/usr/linuxheader/include" -Wl,-L"/root/projects/cs550/../../../../software_code/S/Visual Studio/2017/Professional/Common7/IDE/VC/Linux/include/usr/linuxheader" -Wl,-L"/root/projects/cs550/../../../../software_code/S/Visual Studio/2017/Professional/Common7/IDE/VC/Linux/include/usr" -Wl,-z,relro -Wl,-z,now -Wl,-z,noexecstack /root/projects/cs550/obj/x64/Debug/AppToP2Server.o /root/projects/cs550/obj/x64/Debug/BasicConnection.o /root/projects/cs550/obj/x64/Debug/main.o /root/projects/cs550/obj/x64/Debug/P2RedirectServer.o /root/projects/cs550/obj/x64/Debug/Thread.o -lpthread
         Done linking, output file name: '/root/projects/cs550/bin/x64/Debug/cs550.out'
         Copying file '/root/projects/cs550/bin/x64/Debug/cs550.out' to 'C:\YanJF\coding_files\cpp\cs550\cs550\bin\x64\Debug\cs550.out'
         cs550.vcxproj -> C:\YanJF\coding_files\cpp\cs550\cs550\bin\x64\Debug\cs550.out
       FinalizeBuildStatus:
         正在删除文件“C:\YanJF\coding_files\cpp\cs550\cs550\obj\x64\Debug\cs550.tlog\unsuccessfulbuild”。
         正在对“C:\YanJF\coding_files\cpp\cs550\cs550\obj\x64\Debug\cs550.tlog\cs550.lastbuildstate”执行 Touch 任务。
     1>已完成生成项目“C:\YanJF\coding_files\cpp\cs550\cs550\cs550.vcxproj”(Build 个目标)的操作。

已成功生成。

       “C:\YanJF\coding_files\cpp\cs550\cs550\cs550.vcxproj”(Build 目标) (1) ->
       (ClCompile 目标) -> 
         C:\YanJF\coding_files\cpp\cs550\cs550\main.cpp(9,27): warning : extra tokens at end of #include directive [enabled by default]
       C:\YanJF\coding_files\cpp\cs550\cs550\main.cpp(9,27): warning :  #include "AppToP2Server.h";
       C:\YanJF\coding_files\cpp\cs550\cs550\main.cpp(9,27): warning :                            ^
         C:\YanJF\coding_files\cpp\cs550\cs550\main.cpp(10,30): warning : extra tokens at end of #include directive [enabled by default]
       C:\YanJF\coding_files\cpp\cs550\cs550\main.cpp(10,30): warning :  #include "P2RedirectServer.h";
       C:\YanJF\coding_files\cpp\cs550\cs550\main.cpp(10,30): warning :                               ^
         C:\YanJF\coding_files\cpp\cs550\cs550\main.cpp(11,20): warning : extra tokens at end of #include directive [enabled by default]
       C:\YanJF\coding_files\cpp\cs550\cs550\main.cpp(11,20): warning :  #include "Thread.h";
       C:\YanJF\coding_files\cpp\cs550\cs550\main.cpp(11,20): warning :                     ^
         C:\YanJF\coding_files\cpp\cs550\cs550\Thread.h(28,64): warning : converting to non-pointer type ‘int’ from NULL [-Wconversion-null]

    4 个警告
    0 个错误

已用时间 00:00:02.84
